<?xml version="1.0" encoding="UTF-8"?>
<testsuite name="ru.stqa.training.selenium.MySecondTest" tests="1" skipped="0" failures="0" errors="0" timestamp="2020-07-07T17:07:04" hostname="Ridiculous" time="6.169">
  <properties/>
  <testcase name="myFirstTest" classname="ru.stqa.training.selenium.MySecondTest" time="6.169"/>
  <system-out><![CDATA[]]></system-out>
  <system-err><![CDATA[Starting ChromeDriver 83.0.4103.39 (ccbf011cb2d2b19b506d844400483861342c20cd-refs/branch-heads/4103@{#416}) on port 32097
Only local connections are allowed.
Please see https://chromedriver.chromium.org/security-considerations for suggestions on keeping ChromeDriver safe.
ChromeDriver was started successfully.
июл. 07, 2020 8:07:07 PM org.openqa.selenium.remote.ProtocolHandshake createSession
INFO: Detected dialect: W3C
]]></system-err>
</testsuite>
